<?xml version="1.0" encoding="UTF-8"?>
<!-- Generated by org.testng.reporters.JUnitXMLReporter -->
<testsuite ignored="0" hostname="DESKTOP-L8HA428" failures="0" tests="5" name="Default test" time="7.011" errors="0" timestamp="2025-04-07T16:47:20 GMT-04:00">
  <testcase classname="com.example.apitests.ApiTests" name="testCreateUser" time="2.679"/>
  <testcase classname="com.example.apitests.ApiTests" name="testDeleteUser" time="0.623"/>
  <testcase classname="com.example.apitests.ApiTests" name="testGetUserById" time="1.075"/>
  <testcase classname="com.example.apitests.ApiTests" name="testGetUsers" time="0.535"/>
  <testcase classname="com.example.apitests.ApiTests" name="testUpdateUser" time="1.231"/>
</testsuite> <!-- Default test -->
