<?xml version="1.0" encoding="UTF-8"?>
<!-- Generated by org.testng.reporters.JUnitXMLReporter -->
<testsuite ignored="0" hostname="DESKTOP-L8HA428" failures="0" tests="5" name="Default test" time="6.405" errors="0" timestamp="2025-04-06T19:25:23 GMT-04:00">
  <testcase classname="com.example.apitests.ApiTests" name="testCreateUser" time="3.847"/>
  <testcase classname="com.example.apitests.ApiTests" name="testDeleteUser" time="0.493"/>
  <testcase classname="com.example.apitests.ApiTests" name="testGetUserById" time="0.646"/>
  <testcase classname="com.example.apitests.ApiTests" name="testGetUsers" time="0.105"/>
  <testcase classname="com.example.apitests.ApiTests" name="testUpdateUser" time="0.311"/>
</testsuite> <!-- Default test -->
