<?xml version="1.0" encoding="UTF-8"?>
<testng-results ignored="0" total="5" passed="5" failed="0" skipped="0">
  <reporter-output>
  </reporter-output>
  <suite started-at="2025-04-07T16:46:52 GMT-04:00" name="API Testing Suite" finished-at="2025-04-07T16:46:57 GMT-04:00" duration-ms="5354">
    <groups>
    </groups>
    <test started-at="2025-04-07T16:46:52 GMT-04:00" name="API Tests" finished-at="2025-04-07T16:46:57 GMT-04:00" duration-ms="5354">
      <class name="com.example.apitests.ApiTests">
        <test-method is-config="true" signature="setup()[pri:0, instance:com.example.apitests.ApiTests@7219ec67]" started-at="2025-04-07T16:46:52 GMT-04:00" name="setup" finished-at="2025-04-07T16:46:53 GMT-04:00" duration-ms="856" status="PASS">
          <reporter-output>
          </reporter-output>
        </test-method> <!-- setup -->
        <test-method signature="testCreateUser()[pri:0, instance:com.example.apitests.ApiTests@7219ec67]" started-at="2025-04-07T16:46:53 GMT-04:00" name="testCreateUser" finished-at="2025-04-07T16:46:56 GMT-04:00" duration-ms="2692" status="PASS">
          <reporter-output>
          </reporter-output>
        </test-method> <!-- testCreateUser -->
        <test-method signature="testDeleteUser()[pri:0, instance:com.example.apitests.ApiTests@7219ec67]" started-at="2025-04-07T16:46:56 GMT-04:00" name="testDeleteUser" finished-at="2025-04-07T16:46:56 GMT-04:00" duration-ms="268" status="PASS">
          <reporter-output>
          </reporter-output>
        </test-method> <!-- testDeleteUser -->
        <test-method signature="testGetUserById()[pri:0, instance:com.example.apitests.ApiTests@7219ec67]" started-at="2025-04-07T16:46:56 GMT-04:00" name="testGetUserById" finished-at="2025-04-07T16:46:57 GMT-04:00" duration-ms="1053" status="PASS">
          <reporter-output>
          </reporter-output>
        </test-method> <!-- testGetUserById -->
        <test-method signature="testGetUsers()[pri:0, instance:com.example.apitests.ApiTests@7219ec67]" started-at="2025-04-07T16:46:57 GMT-04:00" name="testGetUsers" finished-at="2025-04-07T16:46:57 GMT-04:00" duration-ms="126" status="PASS">
          <reporter-output>
          </reporter-output>
        </test-method> <!-- testGetUsers -->
        <test-method signature="testUpdateUser()[pri:0, instance:com.example.apitests.ApiTests@7219ec67]" started-at="2025-04-07T16:46:57 GMT-04:00" name="testUpdateUser" finished-at="2025-04-07T16:46:57 GMT-04:00" duration-ms="310" status="PASS">
          <reporter-output>
          </reporter-output>
        </test-method> <!-- testUpdateUser -->
      </class> <!-- com.example.apitests.ApiTests -->
    </test> <!-- API Tests -->
  </suite> <!-- API Testing Suite -->
</testng-results>
