<?xml version="1.0" encoding="UTF-8"?>
<testsuite xmlns:xsi="http://www.w3.org/2001/XMLSchema-instance" xsi:noNamespaceSchemaLocation="https://maven.apache.org/surefire/maven-surefire-plugin/xsd/surefire-test-report.xsd" name="TestSuite" time="5.963" tests="5" errors="0" skipped="0" failures="0">
  <properties>
[...]
</properties>
  <testcase name="testCreateUser" classname="com.example.apitests.ApiTests" time="2.692"/>
  <testcase name="testDeleteUser" classname="com.example.apitests.ApiTests" time="0.267"/>
  <testcase name="testGetUserById" classname="com.example.apitests.ApiTests" time="1.054"/>
  <testcase name="testGetUsers" classname="com.example.apitests.ApiTests" time="0.127"/>
  <testcase name="testUpdateUser" classname="com.example.apitests.ApiTests" time="0.31"/>
</testsuite>