<?xml version="1.0" encoding="UTF-8"?>
<!-- Generated by org.testng.reporters.JUnitXMLReporter -->
<testsuite ignored="0" hostname="DESKTOP-L8HA428" failures="0" tests="5" name="API Tests" time="5.354" errors="0" timestamp="2025-04-07T16:46:57 GMT-04:00">
  <testcase classname="com.example.apitests.ApiTests" name="testCreateUser" time="2.692"/>
  <testcase classname="com.example.apitests.ApiTests" name="testDeleteUser" time="0.268"/>
  <testcase classname="com.example.apitests.ApiTests" name="testGetUserById" time="1.053"/>
  <testcase classname="com.example.apitests.ApiTests" name="testGetUsers" time="0.126"/>
  <testcase classname="com.example.apitests.ApiTests" name="testUpdateUser" time="0.31"/>
</testsuite> <!-- API Tests -->
