<?xml version="1.0" encoding="UTF-8"?>
<testng-results ignored="0" total="5" passed="5" failed="0" skipped="0">
  <reporter-output>
  </reporter-output>
  <suite started-at="2025-04-07T16:47:13 GMT-04:00" name="Default suite" finished-at="2025-04-07T16:47:20 GMT-04:00" duration-ms="7011">
    <groups>
    </groups>
    <test started-at="2025-04-07T16:47:13 GMT-04:00" name="Default test" finished-at="2025-04-07T16:47:20 GMT-04:00" duration-ms="7011">
      <class name="com.example.apitests.ApiTests">
        <test-method is-config="true" signature="setup()[pri:0, instance:com.example.apitests.ApiTests@7ec7ffd3]" started-at="2025-04-07T16:47:13 GMT-04:00" name="setup" finished-at="2025-04-07T16:47:14 GMT-04:00" duration-ms="815" status="PASS">
          <reporter-output>
          </reporter-output>
        </test-method> <!-- setup -->
        <test-method signature="testCreateUser()[pri:0, instance:com.example.apitests.ApiTests@7ec7ffd3]" started-at="2025-04-07T16:47:14 GMT-04:00" name="testCreateUser" finished-at="2025-04-07T16:47:17 GMT-04:00" duration-ms="2679" status="PASS">
          <reporter-output>
          </reporter-output>
        </test-method> <!-- testCreateUser -->
        <test-method signature="testDeleteUser()[pri:0, instance:com.example.apitests.ApiTests@7ec7ffd3]" started-at="2025-04-07T16:47:17 GMT-04:00" name="testDeleteUser" finished-at="2025-04-07T16:47:17 GMT-04:00" duration-ms="623" status="PASS">
          <reporter-output>
          </reporter-output>
        </test-method> <!-- testDeleteUser -->
        <test-method signature="testGetUserById()[pri:0, instance:com.example.apitests.ApiTests@7ec7ffd3]" started-at="2025-04-07T16:47:17 GMT-04:00" name="testGetUserById" finished-at="2025-04-07T16:47:18 GMT-04:00" duration-ms="1075" status="PASS">
          <reporter-output>
          </reporter-output>
        </test-method> <!-- testGetUserById -->
        <test-method signature="testGetUsers()[pri:0, instance:com.example.apitests.ApiTests@7ec7ffd3]" started-at="2025-04-07T16:47:18 GMT-04:00" name="testGetUsers" finished-at="2025-04-07T16:47:19 GMT-04:00" duration-ms="535" status="PASS">
          <reporter-output>
          </reporter-output>
        </test-method> <!-- testGetUsers -->
        <test-method signature="testUpdateUser()[pri:0, instance:com.example.apitests.ApiTests@7ec7ffd3]" started-at="2025-04-07T16:47:19 GMT-04:00" name="testUpdateUser" finished-at="2025-04-07T16:47:20 GMT-04:00" duration-ms="1231" status="PASS">
          <reporter-output>
          </reporter-output>
        </test-method> <!-- testUpdateUser -->
      </class> <!-- com.example.apitests.ApiTests -->
    </test> <!-- Default test -->
  </suite> <!-- Default suite -->
</testng-results>
