<?xml version="1.0" encoding="UTF-8"?>
<testng-results ignored="0" total="5" passed="5" failed="0" skipped="0">
  <reporter-output>
  </reporter-output>
  <suite started-at="2025-04-06T19:25:17 GMT-04:00" name="Default suite" finished-at="2025-04-06T19:25:23 GMT-04:00" duration-ms="6405">
    <groups>
    </groups>
    <test started-at="2025-04-06T19:25:17 GMT-04:00" name="Default test" finished-at="2025-04-06T19:25:23 GMT-04:00" duration-ms="6405">
      <class name="com.example.apitests.ApiTests">
        <test-method is-config="true" signature="setup()[pri:0, instance:com.example.apitests.ApiTests@7ec7ffd3]" started-at="2025-04-06T19:25:17 GMT-04:00" name="setup" finished-at="2025-04-06T19:25:18 GMT-04:00" duration-ms="938" status="PASS">
          <reporter-output>
          </reporter-output>
        </test-method> <!-- setup -->
        <test-method signature="testCreateUser()[pri:0, instance:com.example.apitests.ApiTests@7ec7ffd3]" started-at="2025-04-06T19:25:18 GMT-04:00" name="testCreateUser" finished-at="2025-04-06T19:25:22 GMT-04:00" duration-ms="3847" status="PASS">
          <reporter-output>
          </reporter-output>
        </test-method> <!-- testCreateUser -->
        <test-method signature="testDeleteUser()[pri:0, instance:com.example.apitests.ApiTests@7ec7ffd3]" started-at="2025-04-06T19:25:22 GMT-04:00" name="testDeleteUser" finished-at="2025-04-06T19:25:22 GMT-04:00" duration-ms="493" status="PASS">
          <reporter-output>
          </reporter-output>
        </test-method> <!-- testDeleteUser -->
        <test-method signature="testGetUserById()[pri:0, instance:com.example.apitests.ApiTests@7ec7ffd3]" started-at="2025-04-06T19:25:22 GMT-04:00" name="testGetUserById" finished-at="2025-04-06T19:25:23 GMT-04:00" duration-ms="646" status="PASS">
          <reporter-output>
          </reporter-output>
        </test-method> <!-- testGetUserById -->
        <test-method signature="testGetUsers()[pri:0, instance:com.example.apitests.ApiTests@7ec7ffd3]" started-at="2025-04-06T19:25:23 GMT-04:00" name="testGetUsers" finished-at="2025-04-06T19:25:23 GMT-04:00" duration-ms="105" status="PASS">
          <reporter-output>
          </reporter-output>
        </test-method> <!-- testGetUsers -->
        <test-method signature="testUpdateUser()[pri:0, instance:com.example.apitests.ApiTests@7ec7ffd3]" started-at="2025-04-06T19:25:23 GMT-04:00" name="testUpdateUser" finished-at="2025-04-06T19:25:23 GMT-04:00" duration-ms="311" status="PASS">
          <reporter-output>
          </reporter-output>
        </test-method> <!-- testUpdateUser -->
      </class> <!-- com.example.apitests.ApiTests -->
    </test> <!-- Default test -->
  </suite> <!-- Default suite -->
</testng-results>
